<?xml version="1.0" encoding="UTF-8"?>
<!-- Generated by org.testng.reporters.JUnitXMLReporter -->
<testsuite hostname="DESKTOP-B7L7V38" ignored="0" name="Skip Login" tests="3" failures="1" timestamp="10 Dec 2018 17:40:41 GMT" time="44.797" errors="0">
  <testcase name="loginTest" time="2.423" classname="in.amazon.mshop.AmazonMobileApp.FindAProduct_Test"/>
  <testcase name="homePageTest" time="4.418" classname="in.amazon.mshop.AmazonMobileApp.FindAProduct_Test"/>
  <testcase name="checkAvailability" time="14.438" classname="in.amazon.mshop.AmazonMobileApp.FindAProduct_Test">
    <failure type="org.openqa.selenium.WebDriverException" message="Method is not implemented
Build info: version: &amp;apos;3.141.59&amp;apos;, revision: &amp;apos;e82be7d358&amp;apos;, time: &amp;apos;2018-11-14T08:17:03&amp;apos;
System info: host: &amp;apos;DESKTOP-B7L7V38&amp;apos;, ip: &amp;apos;192.168.1.201&amp;apos;, os.name: &amp;apos;Windows 10&amp;apos;, os.arch: &amp;apos;amd64&amp;apos;, os.version: &amp;apos;10.0&amp;apos;, java.version: &amp;apos;1.8.0_191&amp;apos;
Driver info: io.appium.java_client.android.AndroidDriver
Capabilities {appActivity: com.amazon.mShop.splashscre..., appPackage: in.amazon.mShop.android.sho..., browserName: , databaseEnabled: false, desired: {appActivity: com.amazon.mShop.splashscre..., appPackage: in.amazon.mShop.android.sho..., browserName: , deviceName: Honor Play, noReset: false, platform: ANDROID, platformName: android, version: }, deviceManufacturer: HUAWEI, deviceModel: COR-AL00, deviceName: 58H3Y18720007355, deviceScreenSize: 1080x2340, deviceUDID: 58H3Y18720007355, javascriptEnabled: true, locationContextEnabled: false, networkConnectionEnabled: true, noReset: false, platform: ANDROID, platformName: Android, platformVersion: 8.1.0, takesScreenshot: true, version: , warnings: {}, webStorageEnabled: false}
Session ID: 83d8c71a-2a4c-4c2e-a1e3-fe00b5d15641">
      <![CDATA[org.openqa.selenium.WebDriverException: Method is not implemented
Build info: version: '3.141.59', revision: 'e82be7d358', time: '2018-11-14T08:17:03'
System info: host: 'DESKTOP-B7L7V38', ip: '192.168.1.201', os.name: 'Windows 10', os.arch: 'amd64', os.version: '10.0', java.version: '1.8.0_191'
Driver info: io.appium.java_client.android.AndroidDriver
Capabilities {appActivity: com.amazon.mShop.splashscre..., appPackage: in.amazon.mShop.android.sho..., browserName: , databaseEnabled: false, desired: {appActivity: com.amazon.mShop.splashscre..., appPackage: in.amazon.mShop.android.sho..., browserName: , deviceName: Honor Play, noReset: false, platform: ANDROID, platformName: android, version: }, deviceManufacturer: HUAWEI, deviceModel: COR-AL00, deviceName: 58H3Y18720007355, deviceScreenSize: 1080x2340, deviceUDID: 58H3Y18720007355, javascriptEnabled: true, locationContextEnabled: false, networkConnectionEnabled: true, noReset: false, platform: ANDROID, platformName: Android, platformVersion: 8.1.0, takesScreenshot: true, version: , warnings: {}, webStorageEnabled: false}
Session ID: 83d8c71a-2a4c-4c2e-a1e3-fe00b5d15641
at org.openqa.selenium.remote.http.W3CHttpResponseCodec.createException(W3CHttpResponseCodec.java:187)
at org.openqa.selenium.remote.http.W3CHttpResponseCodec.decode(W3CHttpResponseCodec.java:122)
at org.openqa.selenium.remote.http.W3CHttpResponseCodec.decode(W3CHttpResponseCodec.java:49)
at org.openqa.selenium.remote.HttpCommandExecutor.execute(HttpCommandExecutor.java:158)
at io.appium.java_client.remote.AppiumCommandExecutor.execute(AppiumCommandExecutor.java:231)
at org.openqa.selenium.remote.RemoteWebDriver.execute(RemoteWebDriver.java:552)
at io.appium.java_client.DefaultGenericMobileDriver.execute(DefaultGenericMobileDriver.java:42)
at io.appium.java_client.AppiumDriver.execute(AppiumDriver.java:1)
at io.appium.java_client.android.AndroidDriver.execute(AndroidDriver.java:1)
at org.openqa.selenium.remote.RemoteWebDriver.executeScript(RemoteWebDriver.java:489)
at pages.AddToCart.check_availability(AddToCart.java:53)
at in.amazon.mshop.AmazonMobileApp.FindAProduct_Test.checkAvailability(FindAProduct_Test.java:51)
... Removed 29 stack frames]]>
    </failure>
  </testcase> <!-- checkAvailability -->
</testsuite> <!-- Skip Login -->
