<?xml version="1.0" encoding="UTF-8"?>
<!-- Generated by org.testng.reporters.JUnitXMLReporter -->
<testsuite hostname="DESKTOP-B7L7V38" ignored="0" name="Test" tests="3" failures="0" timestamp="11 Dec 2018 19:28:47 GMT" time="54.194" errors="0">
  <testcase name="loginTest" time="2.198" classname="in.amazon.mshop.AmazonMobileApp.FindAProduct_Test"/>
  <testcase name="homePageTest" time="2.237" classname="in.amazon.mshop.AmazonMobileApp.FindAProduct_Test"/>
  <testcase name="checkAvailability" time="7.595" classname="in.amazon.mshop.AmazonMobileApp.FindAProduct_Test"/>
</testsuite> <!-- Test -->
